  Compiling CUDA source file kernel.cu...
  
  D:\Microsoft Visual Studio\source\repo\N_body_problem\main_project>"C:\Program Files\NVIDIA GPU Computing Toolkit\CUDA\v11.8\bin\nvcc.exe" -gencode=arch=compute_52,code=\"sm_52,compute_52\" --use-local-env -ccbin "D:\Microsoft Visual Studio\2022\Community\VC\Tools\MSVC\14.37.32822\bin\HostX64\x64" -x cu   -ID:\Toolchains\GL\GLAD\include -ID:\freelut\freeglut\include -I"D:\Toolchains\GL\glew-2.1.0\include" -I"D:\Toolchains\GL\glfw-3.4.bin.WIN64\include" -ID:\Toolchains\GL\glm -I"C:\Program Files\NVIDIA GPU Computing Toolkit\CUDA\v11.8\include" -I"C:\Program Files\NVIDIA GPU Computing Toolkit\CUDA\v11.8\include"     --keep-dir x64\Release  -maxrregcount=0  --machine 64 --compile -cudart static    -DWIN32 -DWIN64 -DNDEBUG -D_CONSOLE -D_MBCS -Xcompiler "/EHsc /W3 /nologo /O2 /Fdx64\Release\vc143.pdb /FS   /MD " -o "D:\Microsoft Visual Studio\source\repo\N_body_problem\main_project\x64\Release\kernel.cu.obj" "D:\Microsoft Visual Studio\source\repo\N_body_problem\main_project\kernel.cu" 
D:\Toolchains\GL\glm\glm\ext\../detail/type_vec2.hpp(94): warning #20012-D: __device__ annotation is ignored on a function("vec") that is explicitly defaulted on its first declaration
  
D:\Toolchains\GL\glm\glm\ext\../detail/type_vec2.hpp(94): warning #20012-D: __host__ annotation is ignored on a function("vec") that is explicitly defaulted on its first declaration
  
D:\Toolchains\GL\glm\glm\ext\../detail/type_vec2.hpp(95): warning #20012-D: __device__ annotation is ignored on a function("vec") that is explicitly defaulted on its first declaration
  
D:\Toolchains\GL\glm\glm\ext\../detail/type_vec2.hpp(95): warning #20012-D: __host__ annotation is ignored on a function("vec") that is explicitly defaulted on its first declaration
  
D:\Toolchains\GL\glm\glm\ext\../detail/type_vec2.hpp(143): warning #20012-D: __device__ annotation is ignored on a function("operator=") that is explicitly defaulted on its first declaration
  
D:\Toolchains\GL\glm\glm\ext\../detail/type_vec2.hpp(143): warning #20012-D: __host__ annotation is ignored on a function("operator=") that is explicitly defaulted on its first declaration
  
D:\Toolchains\GL\glm\glm\ext\../detail/type_vec3.hpp(98): warning #20012-D: __device__ annotation is ignored on a function("vec") that is explicitly defaulted on its first declaration
  
D:\Toolchains\GL\glm\glm\ext\../detail/type_vec3.hpp(98): warning #20012-D: __host__ annotation is ignored on a function("vec") that is explicitly defaulted on its first declaration
  
D:\Toolchains\GL\glm\glm\ext\../detail/type_vec3.hpp(99): warning #20012-D: __device__ annotation is ignored on a function("vec") that is explicitly defaulted on its first declaration
  
D:\Toolchains\GL\glm\glm\ext\../detail/type_vec3.hpp(99): warning #20012-D: __host__ annotation is ignored on a function("vec") that is explicitly defaulted on its first declaration
  
D:\Toolchains\GL\glm\glm\ext\../detail/type_vec3.hpp(176): warning #20012-D: __device__ annotation is ignored on a function("operator=") that is explicitly defaulted on its first declaration
  
D:\Toolchains\GL\glm\glm\ext\../detail/type_vec3.hpp(176): warning #20012-D: __host__ annotation is ignored on a function("operator=") that is explicitly defaulted on its first declaration
  
D:\Toolchains\GL\glm\glm\ext\../detail/type_vec4.hpp(97): warning #20012-D: __device__ annotation is ignored on a function("vec") that is explicitly defaulted on its first declaration
  
D:\Toolchains\GL\glm\glm\ext\../detail/type_vec4.hpp(97): warning #20012-D: __host__ annotation is ignored on a function("vec") that is explicitly defaulted on its first declaration
  
D:\Toolchains\GL\glm\glm\ext\../detail/type_vec4.hpp(98): warning #20012-D: __device__ annotation is ignored on a function("vec") that is explicitly defaulted on its first declaration
  
D:\Toolchains\GL\glm\glm\ext\../detail/type_vec4.hpp(98): warning #20012-D: __host__ annotation is ignored on a function("vec") that is explicitly defaulted on its first declaration
  
D:\Toolchains\GL\glm\glm\ext\../detail/type_vec4.hpp(249): warning #20012-D: __device__ annotation is ignored on a function("operator=") that is explicitly defaulted on its first declaration
  
D:\Toolchains\GL\glm\glm\ext\../detail/type_vec4.hpp(249): warning #20012-D: __host__ annotation is ignored on a function("operator=") that is explicitly defaulted on its first declaration
  
D:\Toolchains\GL\glm\glm\ext\../detail/type_mat2x2.hpp(35): warning #20012-D: __device__ annotation is ignored on a function("mat") that is explicitly defaulted on its first declaration
  
D:\Toolchains\GL\glm\glm\ext\../detail/type_mat2x2.hpp(35): warning #20012-D: __host__ annotation is ignored on a function("mat") that is explicitly defaulted on its first declaration
  
D:\Toolchains\GL\glm\glm\ext\../detail/type_mat2x3.hpp(36): warning #20012-D: __device__ annotation is ignored on a function("mat") that is explicitly defaulted on its first declaration
  
D:\Toolchains\GL\glm\glm\ext\../detail/type_mat2x3.hpp(36): warning #20012-D: __host__ annotation is ignored on a function("mat") that is explicitly defaulted on its first declaration
  
D:\Toolchains\GL\glm\glm\ext\../detail/type_mat2x4.hpp(36): warning #20012-D: __device__ annotation is ignored on a function("mat") that is explicitly defaulted on its first declaration
  
D:\Toolchains\GL\glm\glm\ext\../detail/type_mat2x4.hpp(36): warning #20012-D: __host__ annotation is ignored on a function("mat") that is explicitly defaulted on its first declaration
  
D:\Toolchains\GL\glm\glm\ext\../detail/type_mat3x2.hpp(36): warning #20012-D: __device__ annotation is ignored on a function("mat") that is explicitly defaulted on its first declaration
  
D:\Toolchains\GL\glm\glm\ext\../detail/type_mat3x2.hpp(36): warning #20012-D: __host__ annotation is ignored on a function("mat") that is explicitly defaulted on its first declaration
  
D:\Toolchains\GL\glm\glm\ext\../detail/type_mat3x3.hpp(35): warning #20012-D: __device__ annotation is ignored on a function("mat") that is explicitly defaulted on its first declaration
  
D:\Toolchains\GL\glm\glm\ext\../detail/type_mat3x3.hpp(35): warning #20012-D: __host__ annotation is ignored on a function("mat") that is explicitly defaulted on its first declaration
  
D:\Toolchains\GL\glm\glm\ext\../detail/type_mat3x4.hpp(36): warning #20012-D: __device__ annotation is ignored on a function("mat") that is explicitly defaulted on its first declaration
  
D:\Toolchains\GL\glm\glm\ext\../detail/type_mat3x4.hpp(36): warning #20012-D: __host__ annotation is ignored on a function("mat") that is explicitly defaulted on its first declaration
  
D:\Toolchains\GL\glm\glm\ext\../detail/type_mat4x2.hpp(36): warning #20012-D: __device__ annotation is ignored on a function("mat") that is explicitly defaulted on its first declaration
  
D:\Toolchains\GL\glm\glm\ext\../detail/type_mat4x2.hpp(36): warning #20012-D: __host__ annotation is ignored on a function("mat") that is explicitly defaulted on its first declaration
  
D:\Toolchains\GL\glm\glm\ext\../detail/type_mat4x3.hpp(36): warning #20012-D: __device__ annotation is ignored on a function("mat") that is explicitly defaulted on its first declaration
  
D:\Toolchains\GL\glm\glm\ext\../detail/type_mat4x3.hpp(36): warning #20012-D: __host__ annotation is ignored on a function("mat") that is explicitly defaulted on its first declaration
  
D:\Toolchains\GL\glm\glm\ext\../detail/type_mat4x4.hpp(35): warning #20012-D: __device__ annotation is ignored on a function("mat") that is explicitly defaulted on its first declaration
  
D:\Toolchains\GL\glm\glm\ext\../detail/type_mat4x4.hpp(35): warning #20012-D: __host__ annotation is ignored on a function("mat") that is explicitly defaulted on its first declaration
  
D:\Toolchains\GL\glm\glm\detail/type_vec1.hpp(95): warning #20012-D: __device__ annotation is ignored on a function("vec") that is explicitly defaulted on its first declaration
  
D:\Toolchains\GL\glm\glm\detail/type_vec1.hpp(95): warning #20012-D: __host__ annotation is ignored on a function("vec") that is explicitly defaulted on its first declaration
  
D:\Toolchains\GL\glm\glm\detail/type_vec1.hpp(96): warning #20012-D: __device__ annotation is ignored on a function("vec") that is explicitly defaulted on its first declaration
  
D:\Toolchains\GL\glm\glm\detail/type_vec1.hpp(96): warning #20012-D: __host__ annotation is ignored on a function("vec") that is explicitly defaulted on its first declaration
  
D:\Toolchains\GL\glm\glm\detail/type_vec1.hpp(132): warning #20012-D: __device__ annotation is ignored on a function("operator=") that is explicitly defaulted on its first declaration
  
D:\Toolchains\GL\glm\glm\detail/type_vec1.hpp(132): warning #20012-D: __host__ annotation is ignored on a function("operator=") that is explicitly defaulted on its first declaration
  
D:\Toolchains\GL\glm\glm\ext\../detail/type_quat.hpp(83): warning #20012-D: __device__ annotation is ignored on a function("qua") that is explicitly defaulted on its first declaration
  
D:\Toolchains\GL\glm\glm\ext\../detail/type_quat.hpp(83): warning #20012-D: __host__ annotation is ignored on a function("qua") that is explicitly defaulted on its first declaration
  
D:\Toolchains\GL\glm\glm\ext\../detail/type_quat.hpp(84): warning #20012-D: __device__ annotation is ignored on a function("qua") that is explicitly defaulted on its first declaration
  
D:\Toolchains\GL\glm\glm\ext\../detail/type_quat.hpp(84): warning #20012-D: __host__ annotation is ignored on a function("qua") that is explicitly defaulted on its first declaration
  
D:\Toolchains\GL\glm\glm\ext\../detail/type_quat.hpp(119): warning #20012-D: __device__ annotation is ignored on a function("operator=") that is explicitly defaulted on its first declaration
  
D:\Toolchains\GL\glm\glm\ext\../detail/type_quat.hpp(119): warning #20012-D: __host__ annotation is ignored on a function("operator=") that is explicitly defaulted on its first declaration
  
D:\Microsoft Visual Studio\source\repo\N_body_problem\main_project\kernel.cu(316): warning #177-D: variable "first" was declared but never referenced
  
D:\Microsoft Visual Studio\source\repo\N_body_problem\main_project\kernel.cu(317): warning #177-D: variable "second" was declared but never referenced
  
D:\Microsoft Visual Studio\source\repo\N_body_problem\main_project\kernel.cu(751): warning #177-D: variable "temp_current" was declared but never referenced
  
D:\Microsoft Visual Studio\source\repo\N_body_problem\main_project\kernel.cu(708): warning #177-D: variable "look_at" was declared but never referenced
  
D:\Microsoft Visual Studio\source\repo\N_body_problem\main_project\kernel.cu(840): warning #177-D: variable "last_acc" was declared but never referenced
  
D:\Microsoft Visual Studio\source\repo\N_body_problem\main_project\kernel.cu(1139): warning #177-D: variable "all_task_num" was declared but never referenced
  
D:\Toolchains\GL\glm\glm\ext\../detail/type_vec2.hpp(94): warning #20012-D: __device__ annotation is ignored on a function("vec") that is explicitly defaulted on its first declaration
  
D:\Toolchains\GL\glm\glm\ext\../detail/type_vec2.hpp(94): warning #20012-D: __host__ annotation is ignored on a function("vec") that is explicitly defaulted on its first declaration
  
D:\Toolchains\GL\glm\glm\ext\../detail/type_vec2.hpp(95): warning #20012-D: __device__ annotation is ignored on a function("vec") that is explicitly defaulted on its first declaration
  
D:\Toolchains\GL\glm\glm\ext\../detail/type_vec2.hpp(95): warning #20012-D: __host__ annotation is ignored on a function("vec") that is explicitly defaulted on its first declaration
  
D:\Toolchains\GL\glm\glm\ext\../detail/type_vec2.hpp(143): warning #20012-D: __device__ annotation is ignored on a function("operator=") that is explicitly defaulted on its first declaration
  
D:\Toolchains\GL\glm\glm\ext\../detail/type_vec2.hpp(143): warning #20012-D: __host__ annotation is ignored on a function("operator=") that is explicitly defaulted on its first declaration
  
D:\Toolchains\GL\glm\glm\ext\../detail/type_vec3.hpp(98): warning #20012-D: __device__ annotation is ignored on a function("vec") that is explicitly defaulted on its first declaration
  
D:\Toolchains\GL\glm\glm\ext\../detail/type_vec3.hpp(98): warning #20012-D: __host__ annotation is ignored on a function("vec") that is explicitly defaulted on its first declaration
  
D:\Toolchains\GL\glm\glm\ext\../detail/type_vec3.hpp(99): warning #20012-D: __device__ annotation is ignored on a function("vec") that is explicitly defaulted on its first declaration
  
D:\Toolchains\GL\glm\glm\ext\../detail/type_vec3.hpp(99): warning #20012-D: __host__ annotation is ignored on a function("vec") that is explicitly defaulted on its first declaration
  
D:\Toolchains\GL\glm\glm\ext\../detail/type_vec3.hpp(176): warning #20012-D: __device__ annotation is ignored on a function("operator=") that is explicitly defaulted on its first declaration
  
D:\Toolchains\GL\glm\glm\ext\../detail/type_vec3.hpp(176): warning #20012-D: __host__ annotation is ignored on a function("operator=") that is explicitly defaulted on its first declaration
  
D:\Toolchains\GL\glm\glm\ext\../detail/type_vec4.hpp(97): warning #20012-D: __device__ annotation is ignored on a function("vec") that is explicitly defaulted on its first declaration
  
D:\Toolchains\GL\glm\glm\ext\../detail/type_vec4.hpp(97): warning #20012-D: __host__ annotation is ignored on a function("vec") that is explicitly defaulted on its first declaration
  
D:\Toolchains\GL\glm\glm\ext\../detail/type_vec4.hpp(98): warning #20012-D: __device__ annotation is ignored on a function("vec") that is explicitly defaulted on its first declaration
  
D:\Toolchains\GL\glm\glm\ext\../detail/type_vec4.hpp(98): warning #20012-D: __host__ annotation is ignored on a function("vec") that is explicitly defaulted on its first declaration
  
D:\Toolchains\GL\glm\glm\ext\../detail/type_vec4.hpp(249): warning #20012-D: __device__ annotation is ignored on a function("operator=") that is explicitly defaulted on its first declaration
  
D:\Toolchains\GL\glm\glm\ext\../detail/type_vec4.hpp(249): warning #20012-D: __host__ annotation is ignored on a function("operator=") that is explicitly defaulted on its first declaration
  
D:\Toolchains\GL\glm\glm\ext\../detail/type_mat2x2.hpp(35): warning #20012-D: __device__ annotation is ignored on a function("mat") that is explicitly defaulted on its first declaration
  
D:\Toolchains\GL\glm\glm\ext\../detail/type_mat2x2.hpp(35): warning #20012-D: __host__ annotation is ignored on a function("mat") that is explicitly defaulted on its first declaration
  
D:\Toolchains\GL\glm\glm\ext\../detail/type_mat2x3.hpp(36): warning #20012-D: __device__ annotation is ignored on a function("mat") that is explicitly defaulted on its first declaration
  
D:\Toolchains\GL\glm\glm\ext\../detail/type_mat2x3.hpp(36): warning #20012-D: __host__ annotation is ignored on a function("mat") that is explicitly defaulted on its first declaration
  
D:\Toolchains\GL\glm\glm\ext\../detail/type_mat2x4.hpp(36): warning #20012-D: __device__ annotation is ignored on a function("mat") that is explicitly defaulted on its first declaration
  
D:\Toolchains\GL\glm\glm\ext\../detail/type_mat2x4.hpp(36): warning #20012-D: __host__ annotation is ignored on a function("mat") that is explicitly defaulted on its first declaration
  
D:\Toolchains\GL\glm\glm\ext\../detail/type_mat3x2.hpp(36): warning #20012-D: __device__ annotation is ignored on a function("mat") that is explicitly defaulted on its first declaration
  
D:\Toolchains\GL\glm\glm\ext\../detail/type_mat3x2.hpp(36): warning #20012-D: __host__ annotation is ignored on a function("mat") that is explicitly defaulted on its first declaration
  
D:\Toolchains\GL\glm\glm\ext\../detail/type_mat3x3.hpp(35): warning #20012-D: __device__ annotation is ignored on a function("mat") that is explicitly defaulted on its first declaration
  
D:\Toolchains\GL\glm\glm\ext\../detail/type_mat3x3.hpp(35): warning #20012-D: __host__ annotation is ignored on a function("mat") that is explicitly defaulted on its first declaration
  
D:\Toolchains\GL\glm\glm\ext\../detail/type_mat3x4.hpp(36): warning #20012-D: __device__ annotation is ignored on a function("mat") that is explicitly defaulted on its first declaration
  
D:\Toolchains\GL\glm\glm\ext\../detail/type_mat3x4.hpp(36): warning #20012-D: __host__ annotation is ignored on a function("mat") that is explicitly defaulted on its first declaration
  
D:\Toolchains\GL\glm\glm\ext\../detail/type_mat4x2.hpp(36): warning #20012-D: __device__ annotation is ignored on a function("mat") that is explicitly defaulted on its first declaration
  
D:\Toolchains\GL\glm\glm\ext\../detail/type_mat4x2.hpp(36): warning #20012-D: __host__ annotation is ignored on a function("mat") that is explicitly defaulted on its first declaration
  
D:\Toolchains\GL\glm\glm\ext\../detail/type_mat4x3.hpp(36): warning #20012-D: __device__ annotation is ignored on a function("mat") that is explicitly defaulted on its first declaration
  
D:\Toolchains\GL\glm\glm\ext\../detail/type_mat4x3.hpp(36): warning #20012-D: __host__ annotation is ignored on a function("mat") that is explicitly defaulted on its first declaration
  
D:\Toolchains\GL\glm\glm\ext\../detail/type_mat4x4.hpp(35): warning #20012-D: __device__ annotation is ignored on a function("mat") that is explicitly defaulted on its first declaration
  
D:\Toolchains\GL\glm\glm\ext\../detail/type_mat4x4.hpp(35): warning #20012-D: __host__ annotation is ignored on a function("mat") that is explicitly defaulted on its first declaration
  
D:\Toolchains\GL\glm\glm\detail/type_vec1.hpp(95): warning #20012-D: __device__ annotation is ignored on a function("vec") that is explicitly defaulted on its first declaration
  
D:\Toolchains\GL\glm\glm\detail/type_vec1.hpp(95): warning #20012-D: __host__ annotation is ignored on a function("vec") that is explicitly defaulted on its first declaration
  
D:\Toolchains\GL\glm\glm\detail/type_vec1.hpp(96): warning #20012-D: __device__ annotation is ignored on a function("vec") that is explicitly defaulted on its first declaration
  
D:\Toolchains\GL\glm\glm\detail/type_vec1.hpp(96): warning #20012-D: __host__ annotation is ignored on a function("vec") that is explicitly defaulted on its first declaration
  
D:\Toolchains\GL\glm\glm\detail/type_vec1.hpp(132): warning #20012-D: __device__ annotation is ignored on a function("operator=") that is explicitly defaulted on its first declaration
  
D:\Toolchains\GL\glm\glm\detail/type_vec1.hpp(132): warning #20012-D: __host__ annotation is ignored on a function("operator=") that is explicitly defaulted on its first declaration
  
D:\Toolchains\GL\glm\glm\ext\../detail/type_quat.hpp(83): warning #20012-D: __device__ annotation is ignored on a function("qua") that is explicitly defaulted on its first declaration
  
D:\Toolchains\GL\glm\glm\ext\../detail/type_quat.hpp(83): warning #20012-D: __host__ annotation is ignored on a function("qua") that is explicitly defaulted on its first declaration
  
D:\Toolchains\GL\glm\glm\ext\../detail/type_quat.hpp(84): warning #20012-D: __device__ annotation is ignored on a function("qua") that is explicitly defaulted on its first declaration
  
D:\Toolchains\GL\glm\glm\ext\../detail/type_quat.hpp(84): warning #20012-D: __host__ annotation is ignored on a function("qua") that is explicitly defaulted on its first declaration
  
D:\Toolchains\GL\glm\glm\ext\../detail/type_quat.hpp(119): warning #20012-D: __device__ annotation is ignored on a function("operator=") that is explicitly defaulted on its first declaration
  
D:\Toolchains\GL\glm\glm\ext\../detail/type_quat.hpp(119): warning #20012-D: __host__ annotation is ignored on a function("operator=") that is explicitly defaulted on its first declaration
  
  kernel.cu
D:\Microsoft Visual Studio\source\repo\N_body_problem\main_project\kernel.cu(1044): warning C4244: “-=”: 从“double”转换到“T”，可能丢失数据
          with
          [
              T=float
          ]
D:\Microsoft Visual Studio\source\repo\N_body_problem\main_project\kernel.cu(1045): warning C4244: “-=”: 从“double”转换到“T”，可能丢失数据
          with
          [
              T=float
          ]
D:\Microsoft Visual Studio\source\repo\N_body_problem\main_project\kernel.cu(1124): warning C4477: “printf”: 格式字符串“%d”需要类型“int”的参数，但可变参数 1 拥有了类型“size_t”
  D:\Microsoft Visual Studio\source\repo\N_body_problem\main_project\kernel.cu(1124): note: 请考虑在格式字符串中使用“%zd”
D:\Microsoft Visual Studio\source\repo\N_body_problem\main_project\kernel.cu(1270): warning C4244: “+=”: 从“double”转换到“float”，可能丢失数据
D:\Microsoft Visual Studio\source\repo\N_body_problem\main_project\kernel.cu(1074): warning C4101: “e”: 未引用的局部变量
D:\Microsoft Visual Studio\source\repo\N_body_problem\main_project\kernel.cu(1078): warning C4101: “e”: 未引用的局部变量
    正在创建库 D:\Microsoft Visual Studio\source\repo\N_body_problem\x64\Release\N_body_problem.lib 和对象 D:\Microsoft Visual Studio\source\repo\N_body_problem\x64\Release\N_body_problem.exp
LINK : warning LNK4098: 默认库“LIBCMT”与其他库的使用冲突；请使用 /NODEFAULTLIB:library
  正在生成代码
  Previous IPDB and IOBJ mismatch, fall back to full compilation.
  All 338 functions were compiled because no usable IPDB/IOBJ from previous compilation was found.
  已完成代码的生成
  N_body_problem.vcxproj -> D:\Microsoft Visual Studio\source\repo\N_body_problem\x64\Release\N_body_problem.exe
